<?xml version="1.0" encoding="UTF-8"?>
<!-- Generated by org.testng.reporters.JUnitXMLReporter -->
<testsuite hostname="DESKTOP-0M1MH5T" ignored="0" name="RestApiTest" tests="7" failures="0" timestamp="2021-09-01T08:14:09 IST" time="6.333" errors="0">
  <testcase name="fetchListOfUsersTest" time="3.75" classname="com.qa.api.testcases.GetAPITest"/>
  <testcase name="fetchSingleUserNotFoundTest" time="0.14" classname="com.qa.api.testcases.GetAPITest"/>
  <testcase name="fetchSingleUserTest" time="0.078" classname="com.qa.api.testcases.GetAPITest"/>
  <testcase name="creatUserTest" time="0.558" classname="com.qa.api.testcases.PostAPITest"/>
  <testcase name="updateUserTest" time="0.402" classname="com.qa.api.testcases.UpdateAPITest"/>
  <testcase name="updateUserWithPatchTest" time="0.401" classname="com.qa.api.testcases.UpdateAPITest"/>
  <testcase name="deleteUserTest" time="0.403" classname="com.qa.api.testcases.DeleteAPITest"/>
</testsuite> <!-- RestApiTest -->
